c:\users\acer\desktop\parserofarithmeticexpression\parserofarithmeticexpression\debug\vc142.pdb
c:\users\acer\desktop\parserofarithmeticexpression\parserofarithmeticexpression\debug\vc142.idb
c:\users\acer\desktop\parserofarithmeticexpression\parserofarithmeticexpression\debug\main.obj
c:\users\acer\desktop\parserofarithmeticexpression\parserofarithmeticexpression\debug\parserofarithmeticexpression.obj
c:\users\acer\desktop\parserofarithmeticexpression\parserofarithmeticexpression\debug\ast.obj
c:\users\acer\desktop\parserofarithmeticexpression\parserofarithmeticexpression\debug\token.obj
c:\users\acer\desktop\parserofarithmeticexpression\parserofarithmeticexpression\debug\parser.obj
c:\users\acer\desktop\parserofarithmeticexpression\parserofarithmeticexpression\debug\nodes.obj
c:\users\acer\desktop\parserofarithmeticexpression\parserofarithmeticexpression\debug\other_code.obj
c:\users\acer\desktop\parserofarithmeticexpression\parserofarithmeticexpression\debug\test_runner.obj
c:\users\acer\desktop\parserofarithmeticexpression\parserofarithmeticexpression\debug\aaa.obj
c:\users\acer\desktop\parserofarithmeticexpression\debug\parserofarithmeticexpression.exe
c:\users\acer\desktop\parserofarithmeticexpression\debug\parserofarithmeticexpression.ilk
c:\users\acer\desktop\parserofarithmeticexpression\debug\parserofarithmeticexpression.pdb
c:\users\acer\desktop\parserofarithmeticexpression\parserofarithmeticexpression\debug\parserofarithmeticexpression.obj.enc
c:\users\acer\desktop\parserofarithmeticexpression\parserofarithmeticexpression\debug\parserof.2e5c9eed.tlog\cl.command.1.tlog
c:\users\acer\desktop\parserofarithmeticexpression\parserofarithmeticexpression\debug\parserof.2e5c9eed.tlog\cl.read.1.tlog
c:\users\acer\desktop\parserofarithmeticexpression\parserofarithmeticexpression\debug\parserof.2e5c9eed.tlog\cl.write.1.tlog
c:\users\acer\desktop\parserofarithmeticexpression\parserofarithmeticexpression\debug\parserof.2e5c9eed.tlog\link.command.1.tlog
c:\users\acer\desktop\parserofarithmeticexpression\parserofarithmeticexpression\debug\parserof.2e5c9eed.tlog\link.read.1.tlog
c:\users\acer\desktop\parserofarithmeticexpression\parserofarithmeticexpression\debug\parserof.2e5c9eed.tlog\link.write.1.tlog
